<?xml version="1.0" encoding="UTF-8"?>
<!-- Generated by org.testng.reporters.JUnitReportReporter -->
<testsuite hostname="LTIN485847" failures="0" tests="9" name="testPack.HomePageTest" time="37.166" errors="0" timestamp="2024-02-06T17:41:19 IST" skipped="0">
  <testcase classname="testPack.HomePageTest" name="setup" time="8.176"/>
  <testcase classname="testPack.HomePageTest" name="company" time="1.374"/>
  <testcase classname="testPack.HomePageTest" name="serviceLines" time="3.040"/>
  <testcase classname="testPack.HomePageTest" name="salesResources" time="1.289"/>
  <testcase classname="testPack.HomePageTest" name="marketsAndCountries" time="7.517"/>
  <testcase classname="testPack.HomePageTest" name="corporateFunctions" time="7.211"/>
  <testcase classname="testPack.HomePageTest" name="people" time="4.149"/>
  <testcase classname="testPack.HomePageTest" name="ethicsAndCompilance" time="3.275"/>
  <testcase classname="testPack.HomePageTest" name="tearDown" time="1.135"/>
</testsuite> <!-- testPack.HomePageTest -->
